<?xml version="1.0" encoding="UTF-8"?>
<testsuite xmlns:xsi="http://www.w3.org/2001/XMLSchema-instance" xsi:noNamespaceSchemaLocation="https://maven.apache.org/surefire/maven-surefire-plugin/xsd/surefire-test-report-3.0.xsd" version="3.0" name="org.eclipse.hawkbit.simulator.AuthenticatedWebSecurityTest" time="13.08" tests="4" errors="0" skipped="0" failures="0">
  <properties>
[...]
</properties>
  <testcase name="shouldGetOkForAuthenticatedUser" classname="org.eclipse.hawkbit.simulator.AuthenticatedWebSecurityTest" time="1.801">
    <system-out><![CDATA[12:46:17.920 [main] DEBUG org.springframework.test.context.BootstrapUtils - Instantiating CacheAwareContextLoaderDelegate from class [org.springframework.test.context.cache.DefaultCacheAwareContextLoaderDelegate]
12:46:17.964 [main] DEBUG org.springframework.test.context.BootstrapUtils - Instantiating BootstrapContext using constructor [public org.springframework.test.context.support.DefaultBootstrapContext(java.lang.Class,org.springframework.test.context.CacheAwareContextLoaderDelegate)]
12:46:18.095 [main] DEBUG org.springframework.test.context.BootstrapUtils - Instantiating TestContextBootstrapper for test class [org.eclipse.hawkbit.simulator.AuthenticatedWebSecurityTest] from class [org.springframework.boot.test.context.SpringBootTestContextBootstrapper]
12:46:18.130 [main] INFO org.springframework.boot.test.context.SpringBootTestContextBootstrapper - Neither @ContextConfiguration nor @ContextHierarchy found for test class [org.eclipse.hawkbit.simulator.AuthenticatedWebSecurityTest], using SpringBootContextLoader
12:46:18.141 [main] DEBUG org.springframework.test.context.support.AbstractContextLoader - Did not detect default resource location for test class [org.eclipse.hawkbit.simulator.AuthenticatedWebSecurityTest]: class path resource [org/eclipse/hawkbit/simulator/AuthenticatedWebSecurityTest-context.xml] does not exist
12:46:18.142 [main] DEBUG org.springframework.test.context.support.AbstractContextLoader - Did not detect default resource location for test class [org.eclipse.hawkbit.simulator.AuthenticatedWebSecurityTest]: class path resource [org/eclipse/hawkbit/simulator/AuthenticatedWebSecurityTestContext.groovy] does not exist
12:46:18.143 [main] INFO org.springframework.test.context.support.AbstractContextLoader - Could not detect default resource locations for test class [org.eclipse.hawkbit.simulator.AuthenticatedWebSecurityTest]: no resource found for suffixes {-context.xml, Context.groovy}.
12:46:18.145 [main] INFO org.springframework.test.context.support.AnnotationConfigContextLoaderUtils - Could not detect default configuration classes for test class [org.eclipse.hawkbit.simulator.AuthenticatedWebSecurityTest]: AuthenticatedWebSecurityTest does not declare any static, non-private, non-final, nested classes annotated with @Configuration.
12:46:18.438 [main] DEBUG org.springframework.test.context.support.ActiveProfilesUtils - Could not find an 'annotation declaring class' for annotation type [org.springframework.test.context.ActiveProfiles] and class [org.eclipse.hawkbit.simulator.AuthenticatedWebSecurityTest]
12:46:18.647 [main] DEBUG org.springframework.context.annotation.ClassPathScanningCandidateComponentProvider - Identified candidate component class: file [/home/lorenzo/Desktop/hawkbit-device-simulator/target/classes/org/eclipse/hawkbit/simulator/DeviceSimulator.class]
12:46:18.681 [main] INFO org.springframework.boot.test.context.SpringBootTestContextBootstrapper - Found @SpringBootConfiguration org.eclipse.hawkbit.simulator.DeviceSimulator for test class org.eclipse.hawkbit.simulator.AuthenticatedWebSecurityTest
12:46:19.032 [main] DEBUG org.springframework.boot.test.context.SpringBootTestContextBootstrapper - @TestExecutionListeners is not present for class [org.eclipse.hawkbit.simulator.AuthenticatedWebSecurityTest]: using defaults.
12:46:19.033 [main] INFO org.springframework.boot.test.context.SpringBootTestContextBootstrapper - Loaded default TestExecutionListener class names from location [META-INF/spring.factories]: [org.springframework.boot.test.mock.mockito.MockitoTestExecutionListener, org.springframework.boot.test.mock.mockito.ResetMocksTestExecutionListener, org.springframework.boot.test.autoconfigure.restdocs.RestDocsTestExecutionListener, org.springframework.boot.test.autoconfigure.web.client.MockRestServiceServerResetTestExecutionListener, org.springframework.boot.test.autoconfigure.web.servlet.MockMvcPrintOnlyOnFailureTestExecutionListener, org.springframework.boot.test.autoconfigure.web.servlet.WebDriverTestExecutionListener, org.springframework.boot.test.autoconfigure.webservices.client.MockWebServiceServerTestExecutionListener, org.springframework.test.context.web.ServletTestExecutionListener, org.springframework.test.context.support.DirtiesContextBeforeModesTestExecutionListener, org.springframework.test.context.event.ApplicationEventsTestExecutionListener, org.springframework.test.context.support.DependencyInjectionTestExecutionListener, org.springframework.test.context.support.DirtiesContextTestExecutionListener, org.springframework.test.context.transaction.TransactionalTestExecutionListener, org.springframework.test.context.jdbc.SqlScriptsTestExecutionListener, org.springframework.test.context.event.EventPublishingTestExecutionListener, org.springframework.security.test.context.support.WithSecurityContextTestExecutionListener, org.springframework.security.test.context.support.ReactorContextTestExecutionListener]
12:46:19.106 [main] INFO org.springframework.boot.test.context.SpringBootTestContextBootstrapper - Using TestExecutionListeners: [org.springframework.test.context.web.ServletTestExecutionListener@14fc9bd, org.springframework.test.context.support.DirtiesContextBeforeModesTestExecutionListener@7ed49a7f, org.springframework.test.context.event.ApplicationEventsTestExecutionListener@1cd6b1bd, org.springframework.boot.test.mock.mockito.MockitoTestExecutionListener@443cdaa4, org.springframework.boot.test.autoconfigure.SpringBootDependencyInjectionTestExecutionListener@3b41e1bf, org.springframework.test.context.support.DirtiesContextTestExecutionListener@619c93ca, org.springframework.test.context.transaction.TransactionalTestExecutionListener@486e9d1d, org.springframework.test.context.jdbc.SqlScriptsTestExecutionListener@6aa5974e, org.springframework.test.context.event.EventPublishingTestExecutionListener@5e5ddfbc, org.springframework.security.test.context.support.WithSecurityContextTestExecutionListener@5bda157e, org.springframework.security.test.context.support.ReactorContextTestExecutionListener@67e0fd6d, org.springframework.boot.test.mock.mockito.ResetMocksTestExecutionListener@21390938, org.springframework.boot.test.autoconfigure.restdocs.RestDocsTestExecutionListener@1129829c, org.springframework.boot.test.autoconfigure.web.client.MockRestServiceServerResetTestExecutionListener@1a531422, org.springframework.boot.test.autoconfigure.web.servlet.MockMvcPrintOnlyOnFailureTestExecutionListener@7a388990, org.springframework.boot.test.autoconfigure.web.servlet.WebDriverTestExecutionListener@13213f26, org.springframework.boot.test.autoconfigure.webservices.client.MockWebServiceServerTestExecutionListener@4e4162bc]
12:46:19.114 [main] DEBUG org.springframework.test.context.support.AbstractDirtiesContextTestExecutionListener - Before test class: context [DefaultTestContext@36ad229b testClass = AuthenticatedWebSecurityTest, testInstance = [null], testMethod = [null], testException = [null], mergedContextConfiguration = [WebMergedContextConfiguration@55846997 testClass = AuthenticatedWebSecurityTest, locations = '{}', classes = '{class org.eclipse.hawkbit.simulator.DeviceSimulator}', contextInitializerClasses = '[]', activeProfiles = '{}', propertySourceLocations = '{}', propertySourceProperties = '{hawkbit.device.simulator.amqp.enabled = false, hawkbit.device.simulator.auth.enabled = true, org.springframework.boot.test.context.SpringBootTestContextBootstrapper=true}', contextCustomizers = set[[ImportsContextCustomizer@805e72e key = [org.springframework.boot.test.autoconfigure.web.servlet.MockMvcWebDriverAutoConfiguration, org.springframework.boot.test.autoconfigure.web.servlet.MockMvcAutoConfiguration, org.springframework.boot.autoconfigure.security.oauth2.client.servlet.OAuth2ClientAutoConfiguration, org.springframework.boot.autoconfigure.security.servlet.SecurityAutoConfiguration, org.springframework.boot.autoconfigure.security.servlet.SecurityFilterAutoConfiguration, org.springframework.boot.autoconfigure.security.servlet.UserDetailsServiceAutoConfiguration, org.springframework.boot.autoconfigure.security.oauth2.resource.servlet.OAuth2ResourceServerAutoConfiguration, org.springframework.boot.test.autoconfigure.web.servlet.MockMvcSecurityConfiguration, org.springframework.boot.test.autoconfigure.web.servlet.MockMvcWebClientAutoConfiguration, org.springframework.boot.test.autoconfigure.web.reactive.WebTestClientAutoConfiguration]], org.springframework.boot.test.context.filter.ExcludeFilterContextCustomizer@332bcab0, org.springframework.boot.test.json.DuplicateJsonObjectContextCustomizerFactory$DuplicateJsonObjectContextCustomizer@f1f7db2, org.springframework.boot.test.mock.mockito.MockitoContextCustomizer@0, org.springframework.boot.test.web.client.TestRestTemplateContextCustomizer@436bd4df, org.springframework.boot.test.autoconfigure.actuate.metrics.MetricsExportContextCustomizerFactory$DisableMetricExportContextCustomizer@68a78f3c, org.springframework.boot.test.autoconfigure.properties.PropertyMappingContextCustomizer@4b3fa0b3, org.springframework.boot.test.autoconfigure.web.servlet.WebDriverContextCustomizerFactory$Customizer@119b0892, org.springframework.boot.test.context.SpringBootTestArgs@1, org.springframework.boot.test.context.SpringBootTestWebEnvironment@53e3a87a], resourceBasePath = 'src/main/webapp', contextLoader = 'org.springframework.boot.test.context.SpringBootContextLoader', parent = [null]], attributes = map['org.springframework.test.context.web.ServletTestExecutionListener.activateListener' -> true]], class annotated with @DirtiesContext [false] with mode [null].

  .   ____          _            __ _ _
 /\\ / ___'_ __ _ _(_)_ __  __ _ \ \ \ \
( ( )\___ | '_ | '_| | '_ \/ _` | \ \ \ \
 \\/  ___)| |_)| | | | | || (_| |  ) ) ) )
  '  |____| .__|_| |_|_| |_\__, | / / / /
 =========|_|==============|___/=/_/_/_/
 :: Spring Boot ::               (v2.7.17)

]]></system-out>
  </testcase>
  <testcase name="shouldGetUnauthorizedForStart" classname="org.eclipse.hawkbit.simulator.AuthenticatedWebSecurityTest" time="0.017"/>
  <testcase name="shouldGetUnauthorizedForNotExistingUser" classname="org.eclipse.hawkbit.simulator.AuthenticatedWebSecurityTest" time="0.309"/>
  <testcase name="shouldGetOkForBaseUrl" classname="org.eclipse.hawkbit.simulator.AuthenticatedWebSecurityTest" time="0.034"/>
</testsuite>